TN:
SF:src/config.ts
FNF:0
FNH:0
DA:5,0
LF:1
LH:0
BRF:0
BRH:0
end_of_record
TN:
SF:src/server.ts
FN:28,(anonymous_0)
FN:49,(anonymous_1)
FN:51,(anonymous_2)
FN:59,(anonymous_3)
FN:113,(anonymous_4)
FN:114,(anonymous_5)
FN:119,(anonymous_6)
FN:124,(anonymous_7)
FN:129,(anonymous_8)
FN:138,(anonymous_9)
FN:159,(anonymous_10)
FN:169,main
FN:181,(anonymous_12)
FNF:13
FNH:0
FNDA:0,(anonymous_0)
FNDA:0,(anonymous_1)
FNDA:0,(anonymous_2)
FNDA:0,(anonymous_3)
FNDA:0,(anonymous_4)
FNDA:0,(anonymous_5)
FNDA:0,(anonymous_6)
FNDA:0,(anonymous_7)
FNDA:0,(anonymous_8)
FNDA:0,(anonymous_9)
FNDA:0,(anonymous_10)
FNDA:0,main
FNDA:0,(anonymous_12)
DA:8,0
DA:9,0
DA:10,0
DA:16,0
DA:17,0
DA:18,0
DA:19,0
DA:29,0
DA:41,0
DA:42,0
DA:43,0
DA:51,0
DA:52,0
DA:53,0
DA:59,0
DA:60,0
DA:62,0
DA:63,0
DA:65,0
DA:68,0
DA:70,0
DA:71,0
DA:74,0
DA:75,0
DA:78,0
DA:79,0
DA:82,0
DA:83,0
DA:86,0
DA:87,0
DA:90,0
DA:93,0
DA:95,0
DA:96,0
DA:114,0
DA:115,0
DA:116,0
DA:119,0
DA:120,0
DA:121,0
DA:124,0
DA:125,0
DA:126,0
DA:129,0
DA:130,0
DA:131,0
DA:139,0
DA:141,0
DA:142,0
DA:144,0
DA:145,0
DA:147,0
DA:148,0
DA:150,0
DA:160,0
DA:161,0
DA:162,0
DA:170,0
DA:171,0
DA:172,0
DA:174,0
DA:175,0
DA:180,0
DA:181,0
DA:182,0
DA:183,0
DA:187,0
LF:67
LH:0
BRDA:68,0,0,0
BRDA:68,0,1,0
BRDA:68,0,2,0
BRDA:68,0,3,0
BRDA:68,0,4,0
BRDA:68,0,5,0
BRDA:100,1,0,0
BRDA:100,1,1,0
BRDA:147,2,0,0
BRDA:147,2,1,0
BRDA:180,3,0,0
BRDA:180,3,1,0
BRF:12
BRH:0
end_of_record
TN:
SF:src/tools/definitions.ts
FNF:0
FNH:0
DA:6,0
DA:8,0
LF:2
LH:0
BRF:0
BRH:0
end_of_record
TN:
SF:src/tools/handlers.ts
FN:28,(anonymous_0)
FN:43,(anonymous_1)
FN:81,(anonymous_2)
FN:85,(anonymous_3)
FN:93,(anonymous_4)
FN:122,(anonymous_5)
FN:133,(anonymous_6)
FN:175,(anonymous_7)
FN:187,(anonymous_8)
FN:225,(anonymous_9)
FN:239,(anonymous_10)
FN:267,(anonymous_11)
FN:288,(anonymous_12)
FN:307,(anonymous_13)
FN:357,(anonymous_14)
FNF:15
FNH:0
FNDA:0,(anonymous_0)
FNDA:0,(anonymous_1)
FNDA:0,(anonymous_2)
FNDA:0,(anonymous_3)
FNDA:0,(anonymous_4)
FNDA:0,(anonymous_5)
FNDA:0,(anonymous_6)
FNDA:0,(anonymous_7)
FNDA:0,(anonymous_8)
FNDA:0,(anonymous_9)
FNDA:0,(anonymous_10)
FNDA:0,(anonymous_11)
FNDA:0,(anonymous_12)
FNDA:0,(anonymous_13)
FNDA:0,(anonymous_14)
DA:5,0
DA:6,0
DA:7,0
DA:8,0
DA:9,0
DA:10,0
DA:11,0
DA:12,0
DA:13,0
DA:14,0
DA:15,0
DA:16,0
DA:17,0
DA:18,0
DA:20,0
DA:21,0
DA:22,0
DA:24,0
DA:29,0
DA:31,0
DA:32,0
DA:34,0
DA:35,0
DA:37,0
DA:38,0
DA:43,0
DA:44,0
DA:47,0
DA:49,0
DA:63,0
DA:64,0
DA:82,0
DA:83,0
DA:85,0
DA:86,0
DA:90,0
DA:91,0
DA:93,0
DA:102,0
DA:104,0
DA:115,0
DA:123,0
DA:125,0
DA:126,0
DA:128,0
DA:129,0
DA:133,0
DA:134,0
DA:138,0
DA:139,0
DA:141,0
DA:142,0
DA:145,0
DA:149,0
DA:150,0
DA:151,0
DA:154,0
DA:156,0
DA:168,0
DA:176,0
DA:178,0
DA:179,0
DA:181,0
DA:182,0
DA:185,0
DA:187,0
DA:188,0
DA:192,0
DA:193,0
DA:197,0
DA:205,0
DA:207,0
DA:218,0
DA:226,0
DA:228,0
DA:229,0
DA:231,0
DA:232,0
DA:235,0
DA:239,0
DA:241,0
DA:249,0
DA:260,0
DA:268,0
DA:282,0
DA:285,0
DA:286,0
DA:288,0
DA:289,0
DA:290,0
DA:294,0
DA:295,0
DA:298,0
DA:299,0
DA:302,0
DA:306,0
DA:308,0
DA:323,0
DA:338,0
DA:340,0
DA:341,0
DA:347,0
DA:349,0
DA:350,0
DA:358,0
DA:359,0
DA:361,0
LF:107
LH:0
BRDA:34,0,0,0
BRDA:34,0,1,0
BRDA:35,1,0,0
BRDA:35,1,1,0
BRDA:37,2,0,0
BRDA:37,2,1,0
BRDA:69,3,0,0
BRDA:69,3,1,0
BRDA:94,4,0,0
BRDA:94,4,1,0
BRDA:95,5,0,0
BRDA:95,5,1,0
BRDA:96,6,0,0
BRDA:96,6,1,0
BRDA:97,7,0,0
BRDA:97,7,1,0
BRDA:128,8,0,0
BRDA:128,8,1,0
BRDA:141,9,0,0
BRDA:141,9,1,0
BRDA:150,10,0,0
BRDA:150,10,1,0
BRDA:179,11,0,0
BRDA:179,11,1,0
BRDA:181,12,0,0
BRDA:181,12,1,0
BRDA:226,13,0,0
BRDA:229,14,0,0
BRDA:229,14,1,0
BRDA:231,15,0,0
BRDA:231,15,1,0
BRDA:289,16,0,0
BRDA:289,16,1,0
BRDA:294,17,0,0
BRDA:294,17,1,0
BRDA:323,18,0,0
BRDA:323,18,1,0
BRDA:358,19,0,0
BRDA:358,19,1,0
BRF:39
BRH:0
end_of_record
TN:
SF:src/tools/index.ts
FNF:0
FNH:0
DA:1,0
DA:2,0
LF:2
LH:0
BRF:0
BRH:0
end_of_record
TN:
SF:src/types/index.ts
FNF:0
FNH:0
DA:1,0
DA:2,0
LF:2
LH:0
BRF:0
BRH:0
end_of_record
TN:
SF:src/types/mcp.ts
FN:31,(anonymous_0)
FNF:1
FNH:0
FNDA:0,(anonymous_0)
DA:31,0
LF:1
LH:0
BRF:0
BRH:0
end_of_record
TN:
SF:src/utils/errors.ts
FN:8,(anonymous_0)
FN:18,withRetry
FN:33,(anonymous_2)
FN:43,handleError
FNF:4
FNH:0
FNDA:0,(anonymous_0)
FNDA:0,withRetry
FNDA:0,(anonymous_2)
FNDA:0,handleError
DA:5,0
DA:7,0
DA:10,0
DA:11,0
DA:13,0
DA:14,0
DA:18,0
DA:25,0
DA:26,0
DA:27,0
DA:29,0
DA:30,0
DA:32,0
DA:33,0
DA:38,0
DA:43,0
DA:44,0
DA:45,0
DA:48,0
DA:49,0
DA:51,0
LF:21
LH:0
BRDA:20,0,0,0
BRDA:21,1,0,0
BRDA:32,2,0,0
BRDA:32,2,1,0
BRDA:44,3,0,0
BRDA:44,3,1,0
BRDA:48,4,0,0
BRDA:48,4,1,0
BRF:8
BRH:0
end_of_record
TN:
SF:src/utils/index.ts
FNF:0
FNH:0
DA:1,0
DA:2,0
DA:3,0
LF:3
LH:0
BRF:0
BRH:0
end_of_record
TN:
SF:src/utils/logger.ts
FN:5,(anonymous_0)
FN:12,(anonymous_1)
FN:15,(anonymous_2)
FN:19,(anonymous_3)
FN:25,(anonymous_4)
FN:31,(anonymous_5)
FN:37,(anonymous_6)
FNF:7
FNH:0
FNDA:0,(anonymous_0)
FNDA:0,(anonymous_1)
FNDA:0,(anonymous_2)
FNDA:0,(anonymous_3)
FNDA:0,(anonymous_4)
FNDA:0,(anonymous_5)
FNDA:0,(anonymous_6)
DA:5,0
DA:6,0
DA:7,0
DA:8,0
DA:9,0
DA:13,0
DA:16,0
DA:20,0
DA:21,0
DA:26,0
DA:27,0
DA:32,0
DA:33,0
DA:38,0
DA:39,0
DA:44,0
DA:47,0
DA:48,0
DA:50,0
DA:51,0
DA:53,0
DA:54,0
DA:56,0
DA:57,0
DA:59,0
DA:60,0
DA:62,0
LF:27
LH:0
BRDA:5,0,0,0
BRDA:5,0,1,0
BRDA:20,1,0,0
BRDA:20,1,1,0
BRDA:26,2,0,0
BRDA:26,2,1,0
BRDA:32,3,0,0
BRDA:32,3,1,0
BRDA:38,4,0,0
BRDA:38,4,1,0
BRDA:48,5,0,0
BRDA:48,5,1,0
BRDA:48,5,2,0
BRDA:48,5,3,0
BRDA:48,5,4,0
BRF:15
BRH:0
end_of_record
TN:
SF:src/utils/state.ts
FN:9,(anonymous_0)
FN:16,(anonymous_1)
FN:20,(anonymous_2)
FN:24,(anonymous_3)
FN:28,(anonymous_4)
FN:32,(anonymous_5)
FN:38,(anonymous_6)
FN:43,(anonymous_7)
FN:50,(anonymous_8)
FNF:9
FNH:0
FNDA:0,(anonymous_0)
FNDA:0,(anonymous_1)
FNDA:0,(anonymous_2)
FNDA:0,(anonymous_3)
FNDA:0,(anonymous_4)
FNDA:0,(anonymous_5)
FNDA:0,(anonymous_6)
FNDA:0,(anonymous_7)
FNDA:0,(anonymous_8)
DA:6,0
DA:7,0
DA:10,0
DA:17,0
DA:21,0
DA:25,0
DA:29,0
DA:33,0
DA:34,0
DA:35,0
DA:39,0
DA:40,0
DA:44,0
DA:45,0
DA:46,0
DA:47,0
DA:51,0
DA:55,0
LF:18
LH:0
BRF:0
BRH:0
end_of_record
